<?xml version="1.0" encoding="UTF-8"?>
<!-- Generated by org.testng.reporters.JUnitXMLReporter -->
<testsuite hostname="DESKTOP-D7PUHMF" ignored="0" name="Ticket Fare Test" tests="2" failures="1" timestamp="03 Aug 2018 07:52:58 GMT" time="12.895" errors="0">
  <testcase name="demoTest" time="1.154" classname="com.qa.tests.DemoTest">
    <skipped/>
  </testcase> <!-- demoTest -->
  <testcase name="demoTest" time="1.613" classname="com.qa.tests.DemoTest">
    <failure type="java.lang.AssertionError" message="expected [false] but found [true]">
      <![CDATA[java.lang.AssertionError: expected [false] but found [true]
at com.qa.tests.DemoTest.demoTest(DemoTest.java:29)
... Removed 31 stack frames]]>
    </failure>
  </testcase> <!-- demoTest -->
</testsuite> <!-- Ticket Fare Test -->
