<?xml version="1.0" encoding="UTF-8"?>
<!-- Generated by org.testng.reporters.JUnitXMLReporter -->
<testsuite hostname="DESKTOP-D7PUHMF" ignored="1" name="Ticket Fare Test" tests="1" failures="0" timestamp="28 Nov 2018 05:52:24 GMT" time="64.588" errors="0">
  <testcase name="verifyTicketFare" time="34.17" classname="com.trainline.qa.tests.TicketFareTest"/>
  <testcase name="demoTest" time="0.0" classname="com.trainline.qa.tests.DemoTest">
    <ignored/>
  </testcase> <!-- demoTest -->
</testsuite> <!-- Ticket Fare Test -->
