<?xml version="1.0" encoding="UTF-8"?>
<testsuite xmlns:xsi="http://www.w3.org/2001/XMLSchema-instance" xsi:noNamespaceSchemaLocation="https://maven.apache.org/surefire/maven-surefire-plugin/xsd/surefire-test-report.xsd" name="TestSuite" time="51.877" tests="1" errors="0" skipped="0" failures="1">
  <properties>
[...]
</properties>
  <testcase name="verifyTicketFare" classname="com.qa.tests.TicketFareTest" time="37.996">
    <failure message="Fares do not match expected [$206.44] but found [$118.22]" type="java.lang.AssertionError">java.lang.AssertionError: Fares do not match expected [$206.44] but found [$118.22]
	at com.qa.tests.TicketFareTest.verifyTicketFare(TicketFareTest.java:53)
</failure>
    <system-out><![CDATA[Before navigating to: 'https://www.thetrainline.com/'
Navigated to:'https://www.thetrainline.com/'
Trying to find Element By : By.id: from.text
Found Element By : By.id: from.text
Value of the:[[ChromeDriver: chrome on XP (6c927c1082c079b272be622df5a37574)] -> id: from.text] before any changes made
Element value changed to: [[ChromeDriver: chrome on XP (6c927c1082c079b272be622df5a37574)] -> id: from.text]
Trying to find Element By : By.id: to.text
Found Element By : By.id: to.text
Value of the:[[ChromeDriver: chrome on XP (6c927c1082c079b272be622df5a37574)] -> id: to.text] before any changes made
Element value changed to: [[ChromeDriver: chrome on XP (6c927c1082c079b272be622df5a37574)] -> id: to.text]
Trying to find Element By : By.id: to.text
Found Element By : By.id: to.text
Value of the:[[ChromeDriver: chrome on XP (6c927c1082c079b272be622df5a37574)] -> id: to.text] before any changes made
Element value changed to: [[ChromeDriver: chrome on XP (6c927c1082c079b272be622df5a37574)] -> id: to.text]
Trying to find Element By : By.xpath: //button[@data-test='submit-journey-search-button']
Found Element By : By.xpath: //button[@data-test='submit-journey-search-button']
Trying to find Element By : By.xpath: //button[@data-test='submit-journey-search-button']
Found Element By : By.xpath: //button[@data-test='submit-journey-search-button']
Trying to find Element By : By.xpath: //button[@data-test='submit-journey-search-button']
Found Element By : By.xpath: //button[@data-test='submit-journey-search-button']
Trying to click on: [[ChromeDriver: chrome on XP (6c927c1082c079b272be622df5a37574)] -> xpath: //button[@data-test='submit-journey-search-button']]
Clicked on: [[ChromeDriver: chrome on XP (6c927c1082c079b272be622df5a37574)] -> xpath: //button[@data-test='submit-journey-search-button']]
Trying to find Element By : By.xpath: //button[@data-test='submit-journey-search-button']
Found Element By : By.xpath: //button[@data-test='submit-journey-search-button']
search button is still present after first Click
Trying to find Element By : By.xpath: //button[@data-test='submit-journey-search-button']
Found Element By : By.xpath: //button[@data-test='submit-journey-search-button']
Trying to click on: [[ChromeDriver: chrome on XP (6c927c1082c079b272be622df5a37574)] -> xpath: //button[@data-test='submit-journey-search-button']]
Clicked on: [[ChromeDriver: chrome on XP (6c927c1082c079b272be622df5a37574)] -> xpath: //button[@data-test='submit-journey-search-button']]
Trying to find Element By : By.xpath: //button[@data-test='submit-journey-search-button']
Found Element By : By.xpath: //button[@data-test='submit-journey-search-button']
Trying to find Element By : By.xpath: descendant::input[@type='radio'][5]
Exception occured: org.openqa.selenium.NoSuchElementException: no such element: Unable to locate element: {"method":"xpath","selector":"descendant::input[@type='radio'][5]"}
  (Session info: chrome=67.0.3396.99)
  (Driver info: chromedriver=2.40.565498 (ea082db3280dd6843ebfb08a625e3eb905c4f5ab),platform=Windows NT 10.0.17134 x86_64) (WARNING: The server did not provide any stacktrace information)
Command duration or timeout: 0 milliseconds
For documentation on this error, please visit: http://seleniumhq.org/exceptions/no_such_element.html
Build info: version: '3.13.0', revision: '2f0d292', time: '2018-06-25T15:24:21.231Z'
System info: host: 'DESKTOP-D7PUHMF', ip: '192.168.0.104', os.name: 'Windows 10', os.arch: 'amd64', os.version: '10.0', java.version: '1.8.0_162'
Driver info: org.openqa.selenium.chrome.ChromeDriver
Capabilities {acceptInsecureCerts: false, acceptSslCerts: false, applicationCacheEnabled: false, browserConnectionEnabled: false, browserName: chrome, chrome: {chromedriverVersion: 2.40.565498 (ea082db3280dd6..., userDataDir: C:\Users\deepa\AppData\Loca...}, cssSelectorsEnabled: true, databaseEnabled: false, handlesAlerts: true, hasTouchScreen: false, javascriptEnabled: true, locationContextEnabled: true, mobileEmulationEnabled: false, nativeEvents: true, networkConnectionEnabled: false, pageLoadStrategy: normal, platform: XP, platformName: XP, rotatable: false, setWindowRect: true, takesHeapSnapshot: true, takesScreenshot: true, unexpectedAlertBehaviour: , unhandledPromptBehavior: , version: 67.0.3396.99, webStorageEnabled: true}
Session ID: 6c927c1082c079b272be622df5a37574
*** Element info: {Using=xpath, value=descendant::input[@type='radio'][5]}
Trying to find Element By : By.xpath: descendant::input[@type='radio'][5]
Exception occured: org.openqa.selenium.NoSuchElementException: no such element: Unable to locate element: {"method":"xpath","selector":"descendant::input[@type='radio'][5]"}
  (Session info: chrome=67.0.3396.99)
  (Driver info: chromedriver=2.40.565498 (ea082db3280dd6843ebfb08a625e3eb905c4f5ab),platform=Windows NT 10.0.17134 x86_64) (WARNING: The server did not provide any stacktrace information)
Command duration or timeout: 0 milliseconds
For documentation on this error, please visit: http://seleniumhq.org/exceptions/no_such_element.html
Build info: version: '3.13.0', revision: '2f0d292', time: '2018-06-25T15:24:21.231Z'
System info: host: 'DESKTOP-D7PUHMF', ip: '192.168.0.104', os.name: 'Windows 10', os.arch: 'amd64', os.version: '10.0', java.version: '1.8.0_162'
Driver info: org.openqa.selenium.chrome.ChromeDriver
Capabilities {acceptInsecureCerts: false, acceptSslCerts: false, applicationCacheEnabled: false, browserConnectionEnabled: false, browserName: chrome, chrome: {chromedriverVersion: 2.40.565498 (ea082db3280dd6..., userDataDir: C:\Users\deepa\AppData\Loca...}, cssSelectorsEnabled: true, databaseEnabled: false, handlesAlerts: true, hasTouchScreen: false, javascriptEnabled: true, locationContextEnabled: true, mobileEmulationEnabled: false, nativeEvents: true, networkConnectionEnabled: false, pageLoadStrategy: normal, platform: XP, platformName: XP, rotatable: false, setWindowRect: true, takesHeapSnapshot: true, takesScreenshot: true, unexpectedAlertBehaviour: , unhandledPromptBehavior: , version: 67.0.3396.99, webStorageEnabled: true}
Session ID: 6c927c1082c079b272be622df5a37574
*** Element info: {Using=xpath, value=descendant::input[@type='radio'][5]}
Trying to find Element By : By.xpath: descendant::input[@type='radio'][5]
Exception occured: org.openqa.selenium.NoSuchElementException: no such element: Unable to locate element: {"method":"xpath","selector":"descendant::input[@type='radio'][5]"}
  (Session info: chrome=67.0.3396.99)
  (Driver info: chromedriver=2.40.565498 (ea082db3280dd6843ebfb08a625e3eb905c4f5ab),platform=Windows NT 10.0.17134 x86_64) (WARNING: The server did not provide any stacktrace information)
Command duration or timeout: 0 milliseconds
For documentation on this error, please visit: http://seleniumhq.org/exceptions/no_such_element.html
Build info: version: '3.13.0', revision: '2f0d292', time: '2018-06-25T15:24:21.231Z'
System info: host: 'DESKTOP-D7PUHMF', ip: '192.168.0.104', os.name: 'Windows 10', os.arch: 'amd64', os.version: '10.0', java.version: '1.8.0_162'
Driver info: org.openqa.selenium.chrome.ChromeDriver
Capabilities {acceptInsecureCerts: false, acceptSslCerts: false, applicationCacheEnabled: false, browserConnectionEnabled: false, browserName: chrome, chrome: {chromedriverVersion: 2.40.565498 (ea082db3280dd6..., userDataDir: C:\Users\deepa\AppData\Loca...}, cssSelectorsEnabled: true, databaseEnabled: false, handlesAlerts: true, hasTouchScreen: false, javascriptEnabled: true, locationContextEnabled: true, mobileEmulationEnabled: false, nativeEvents: true, networkConnectionEnabled: false, pageLoadStrategy: normal, platform: XP, platformName: XP, rotatable: false, setWindowRect: true, takesHeapSnapshot: true, takesScreenshot: true, unexpectedAlertBehaviour: , unhandledPromptBehavior: , version: 67.0.3396.99, webStorageEnabled: true}
Session ID: 6c927c1082c079b272be622df5a37574
*** Element info: {Using=xpath, value=descendant::input[@type='radio'][5]}
Trying to find Element By : By.xpath: descendant::input[@type='radio'][5]
Exception occured: org.openqa.selenium.NoSuchElementException: no such element: Unable to locate element: {"method":"xpath","selector":"descendant::input[@type='radio'][5]"}
  (Session info: chrome=67.0.3396.99)
  (Driver info: chromedriver=2.40.565498 (ea082db3280dd6843ebfb08a625e3eb905c4f5ab),platform=Windows NT 10.0.17134 x86_64) (WARNING: The server did not provide any stacktrace information)
Command duration or timeout: 0 milliseconds
For documentation on this error, please visit: http://seleniumhq.org/exceptions/no_such_element.html
Build info: version: '3.13.0', revision: '2f0d292', time: '2018-06-25T15:24:21.231Z'
System info: host: 'DESKTOP-D7PUHMF', ip: '192.168.0.104', os.name: 'Windows 10', os.arch: 'amd64', os.version: '10.0', java.version: '1.8.0_162'
Driver info: org.openqa.selenium.chrome.ChromeDriver
Capabilities {acceptInsecureCerts: false, acceptSslCerts: false, applicationCacheEnabled: false, browserConnectionEnabled: false, browserName: chrome, chrome: {chromedriverVersion: 2.40.565498 (ea082db3280dd6..., userDataDir: C:\Users\deepa\AppData\Loca...}, cssSelectorsEnabled: true, databaseEnabled: false, handlesAlerts: true, hasTouchScreen: false, javascriptEnabled: true, locationContextEnabled: true, mobileEmulationEnabled: false, nativeEvents: true, networkConnectionEnabled: false, pageLoadStrategy: normal, platform: XP, platformName: XP, rotatable: false, setWindowRect: true, takesHeapSnapshot: true, takesScreenshot: true, unexpectedAlertBehaviour: , unhandledPromptBehavior: , version: 67.0.3396.99, webStorageEnabled: true}
Session ID: 6c927c1082c079b272be622df5a37574
*** Element info: {Using=xpath, value=descendant::input[@type='radio'][5]}
Trying to find Element By : By.xpath: descendant::input[@type='radio'][5]
Found Element By : By.xpath: descendant::input[@type='radio'][5]
Trying to find Element By : By.xpath: descendant::input[@type='radio'][5]
Found Element By : By.xpath: descendant::input[@type='radio'][5]
Trying to find Element By : By.xpath: descendant::input[@type='radio'][5]
Found Element By : By.xpath: descendant::input[@type='radio'][5]
Trying to click on: [[ChromeDriver: chrome on XP (6c927c1082c079b272be622df5a37574)] -> xpath: descendant::input[@type='radio'][5]]
Clicked on: [[ChromeDriver: chrome on XP (6c927c1082c079b272be622df5a37574)] -> xpath: descendant::input[@type='radio'][5]]
Trying to find Element By : By.xpath: descendant::input[@type='radio'][5]
Found Element By : By.xpath: descendant::input[@type='radio'][5]
Trying to find Element By : By.xpath: descendant::input[@type='radio'][5]
Found Element By : By.xpath: descendant::input[@type='radio'][5]
Trying to click on: [[ChromeDriver: chrome on XP (6c927c1082c079b272be622df5a37574)] -> xpath: descendant::input[@type='radio'][5]]
Clicked on: [[ChromeDriver: chrome on XP (6c927c1082c079b272be622df5a37574)] -> xpath: descendant::input[@type='radio'][5]]
Trying to find Element By : By.linkText: Register
Found Element By : By.linkText: Register
Trying to click on: [[ChromeDriver: chrome on XP (6c927c1082c079b272be622df5a37574)] -> link text: Register]
Clicked on: [[ChromeDriver: chrome on XP (6c927c1082c079b272be622df5a37574)] -> link text: Register]
Trying to find Element By : By.id: email
Found Element By : By.id: email
Trying to find Element By : By.id: email
Found Element By : By.id: email
Trying to find Element By : By.id: email
Found Element By : By.id: email
Value of the:[[ChromeDriver: chrome on XP (6c927c1082c079b272be622df5a37574)] -> id: email] before any changes made
Element value changed to: [[ChromeDriver: chrome on XP (6c927c1082c079b272be622df5a37574)] -> id: email]
Trying to find Element By : By.id: password
Found Element By : By.id: password
Value of the:[[ChromeDriver: chrome on XP (6c927c1082c079b272be622df5a37574)] -> id: password] before any changes made
Element value changed to: [[ChromeDriver: chrome on XP (6c927c1082c079b272be622df5a37574)] -> id: password]
Trying to find Element By : By.id: firstName
Found Element By : By.id: firstName
Value of the:[[ChromeDriver: chrome on XP (6c927c1082c079b272be622df5a37574)] -> id: firstName] before any changes made
Element value changed to: [[ChromeDriver: chrome on XP (6c927c1082c079b272be622df5a37574)] -> id: firstName]
Trying to find Element By : By.id: surname
Found Element By : By.id: surname
Value of the:[[ChromeDriver: chrome on XP (6c927c1082c079b272be622df5a37574)] -> id: surname] before any changes made
Element value changed to: [[ChromeDriver: chrome on XP (6c927c1082c079b272be622df5a37574)] -> id: surname]
Trying to find Element By : By.xpath: //button[@data-test='manual-address-entry-button']
Found Element By : By.xpath: //button[@data-test='manual-address-entry-button']
Trying to click on: [[ChromeDriver: chrome on XP (6c927c1082c079b272be622df5a37574)] -> xpath: //button[@data-test='manual-address-entry-button']]
Clicked on: [[ChromeDriver: chrome on XP (6c927c1082c079b272be622df5a37574)] -> xpath: //button[@data-test='manual-address-entry-button']]
Trying to find Element By : By.xpath: //select[@data-test='address-country-dropdown']
Found Element By : By.xpath: //select[@data-test='address-country-dropdown']
Trying to find Element By : By.xpath: //select[@data-test='address-country-dropdown']
Found Element By : By.xpath: //select[@data-test='address-country-dropdown']
Trying to find Element By : By.xpath: //select[@data-test='address-country-dropdown']
Found Element By : By.xpath: //select[@data-test='address-country-dropdown']
Trying to find Element By : By.xpath: .//option[normalize-space(.) = "India"]
Found Element By : By.xpath: .//option[normalize-space(.) = "India"]
Trying to click on: [[[[ChromeDriver: chrome on XP (6c927c1082c079b272be622df5a37574)] -> xpath: //select[@data-test='address-country-dropdown']]] -> xpath: .//option[normalize-space(.) = "India"]]
Clicked on: [[[[ChromeDriver: chrome on XP (6c927c1082c079b272be622df5a37574)] -> xpath: //select[@data-test='address-country-dropdown']]] -> xpath: .//option[normalize-space(.) = "India"]]
Trying to find Element By : By.id: addressLine1
Found Element By : By.id: addressLine1
Value of the:[[ChromeDriver: chrome on XP (6c927c1082c079b272be622df5a37574)] -> id: addressLine1] before any changes made
Element value changed to: [[ChromeDriver: chrome on XP (6c927c1082c079b272be622df5a37574)] -> id: addressLine1]
Trying to find Element By : By.id: addressLine2
Found Element By : By.id: addressLine2
Value of the:[[ChromeDriver: chrome on XP (6c927c1082c079b272be622df5a37574)] -> id: addressLine2] before any changes made
Element value changed to: [[ChromeDriver: chrome on XP (6c927c1082c079b272be622df5a37574)] -> id: addressLine2]
Trying to find Element By : By.id: city
Found Element By : By.id: city
Value of the:[[ChromeDriver: chrome on XP (6c927c1082c079b272be622df5a37574)] -> id: city] before any changes made
Element value changed to: [[ChromeDriver: chrome on XP (6c927c1082c079b272be622df5a37574)] -> id: city]
Trying to find Element By : By.id: state
Found Element By : By.id: state
Value of the:[[ChromeDriver: chrome on XP (6c927c1082c079b272be622df5a37574)] -> id: state] before any changes made
Element value changed to: [[ChromeDriver: chrome on XP (6c927c1082c079b272be622df5a37574)] -> id: state]
Trying to find Element By : By.id: postcode
Found Element By : By.id: postcode
Value of the:[[ChromeDriver: chrome on XP (6c927c1082c079b272be622df5a37574)] -> id: postcode] before any changes made
Element value changed to: [[ChromeDriver: chrome on XP (6c927c1082c079b272be622df5a37574)] -> id: postcode]
Trying to find Element By : By.xpath: //button[@data-test='register-button']
Found Element By : By.xpath: //button[@data-test='register-button']
Trying to click on: [[ChromeDriver: chrome on XP (6c927c1082c079b272be622df5a37574)] -> xpath: //button[@data-test='register-button']]
Clicked on: [[ChromeDriver: chrome on XP (6c927c1082c079b272be622df5a37574)] -> xpath: //button[@data-test='register-button']]
Trying to find Element By : By.xpath: //button[@data-test='submit-journey-search-button']
Exception occured: org.openqa.selenium.NoSuchElementException: no such element: Unable to locate element: {"method":"xpath","selector":"//button[@data-test='submit-journey-search-button']"}
  (Session info: chrome=67.0.3396.99)
  (Driver info: chromedriver=2.40.565498 (ea082db3280dd6843ebfb08a625e3eb905c4f5ab),platform=Windows NT 10.0.17134 x86_64) (WARNING: The server did not provide any stacktrace information)
Command duration or timeout: 0 milliseconds
For documentation on this error, please visit: http://seleniumhq.org/exceptions/no_such_element.html
Build info: version: '3.13.0', revision: '2f0d292', time: '2018-06-25T15:24:21.231Z'
System info: host: 'DESKTOP-D7PUHMF', ip: '192.168.0.104', os.name: 'Windows 10', os.arch: 'amd64', os.version: '10.0', java.version: '1.8.0_162'
Driver info: org.openqa.selenium.chrome.ChromeDriver
Capabilities {acceptInsecureCerts: false, acceptSslCerts: false, applicationCacheEnabled: false, browserConnectionEnabled: false, browserName: chrome, chrome: {chromedriverVersion: 2.40.565498 (ea082db3280dd6..., userDataDir: C:\Users\deepa\AppData\Loca...}, cssSelectorsEnabled: true, databaseEnabled: false, handlesAlerts: true, hasTouchScreen: false, javascriptEnabled: true, locationContextEnabled: true, mobileEmulationEnabled: false, nativeEvents: true, networkConnectionEnabled: false, pageLoadStrategy: normal, platform: XP, platformName: XP, rotatable: false, setWindowRect: true, takesHeapSnapshot: true, takesScreenshot: true, unexpectedAlertBehaviour: , unhandledPromptBehavior: , version: 67.0.3396.99, webStorageEnabled: true}
Session ID: 6c927c1082c079b272be622df5a37574
*** Element info: {Using=xpath, value=//button[@data-test='submit-journey-search-button']}
Trying to find Element By : By.xpath: //button[@data-test='submit-journey-search-button']
Exception occured: org.openqa.selenium.NoSuchElementException: no such element: Unable to locate element: {"method":"xpath","selector":"//button[@data-test='submit-journey-search-button']"}
  (Session info: chrome=67.0.3396.99)
  (Driver info: chromedriver=2.40.565498 (ea082db3280dd6843ebfb08a625e3eb905c4f5ab),platform=Windows NT 10.0.17134 x86_64) (WARNING: The server did not provide any stacktrace information)
Command duration or timeout: 0 milliseconds
For documentation on this error, please visit: http://seleniumhq.org/exceptions/no_such_element.html
Build info: version: '3.13.0', revision: '2f0d292', time: '2018-06-25T15:24:21.231Z'
System info: host: 'DESKTOP-D7PUHMF', ip: '192.168.0.104', os.name: 'Windows 10', os.arch: 'amd64', os.version: '10.0', java.version: '1.8.0_162'
Driver info: org.openqa.selenium.chrome.ChromeDriver
Capabilities {acceptInsecureCerts: false, acceptSslCerts: false, applicationCacheEnabled: false, browserConnectionEnabled: false, browserName: chrome, chrome: {chromedriverVersion: 2.40.565498 (ea082db3280dd6..., userDataDir: C:\Users\deepa\AppData\Loca...}, cssSelectorsEnabled: true, databaseEnabled: false, handlesAlerts: true, hasTouchScreen: false, javascriptEnabled: true, locationContextEnabled: true, mobileEmulationEnabled: false, nativeEvents: true, networkConnectionEnabled: false, pageLoadStrategy: normal, platform: XP, platformName: XP, rotatable: false, setWindowRect: true, takesHeapSnapshot: true, takesScreenshot: true, unexpectedAlertBehaviour: , unhandledPromptBehavior: , version: 67.0.3396.99, webStorageEnabled: true}
Session ID: 6c927c1082c079b272be622df5a37574
*** Element info: {Using=xpath, value=//button[@data-test='submit-journey-search-button']}
Trying to find Element By : By.xpath: //button[@data-test='submit-journey-search-button']
Exception occured: org.openqa.selenium.NoSuchElementException: no such element: Unable to locate element: {"method":"xpath","selector":"//button[@data-test='submit-journey-search-button']"}
  (Session info: chrome=67.0.3396.99)
  (Driver info: chromedriver=2.40.565498 (ea082db3280dd6843ebfb08a625e3eb905c4f5ab),platform=Windows NT 10.0.17134 x86_64) (WARNING: The server did not provide any stacktrace information)
Command duration or timeout: 0 milliseconds
For documentation on this error, please visit: http://seleniumhq.org/exceptions/no_such_element.html
Build info: version: '3.13.0', revision: '2f0d292', time: '2018-06-25T15:24:21.231Z'
System info: host: 'DESKTOP-D7PUHMF', ip: '192.168.0.104', os.name: 'Windows 10', os.arch: 'amd64', os.version: '10.0', java.version: '1.8.0_162'
Driver info: org.openqa.selenium.chrome.ChromeDriver
Capabilities {acceptInsecureCerts: false, acceptSslCerts: false, applicationCacheEnabled: false, browserConnectionEnabled: false, browserName: chrome, chrome: {chromedriverVersion: 2.40.565498 (ea082db3280dd6..., userDataDir: C:\Users\deepa\AppData\Loca...}, cssSelectorsEnabled: true, databaseEnabled: false, handlesAlerts: true, hasTouchScreen: false, javascriptEnabled: true, locationContextEnabled: true, mobileEmulationEnabled: false, nativeEvents: true, networkConnectionEnabled: false, pageLoadStrategy: normal, platform: XP, platformName: XP, rotatable: false, setWindowRect: true, takesHeapSnapshot: true, takesScreenshot: true, unexpectedAlertBehaviour: , unhandledPromptBehavior: , version: 67.0.3396.99, webStorageEnabled: true}
Session ID: 6c927c1082c079b272be622df5a37574
*** Element info: {Using=xpath, value=//button[@data-test='submit-journey-search-button']}
Trying to find Element By : By.xpath: //button[@data-test='submit-journey-search-button']
Exception occured: org.openqa.selenium.NoSuchElementException: no such element: Unable to locate element: {"method":"xpath","selector":"//button[@data-test='submit-journey-search-button']"}
  (Session info: chrome=67.0.3396.99)
  (Driver info: chromedriver=2.40.565498 (ea082db3280dd6843ebfb08a625e3eb905c4f5ab),platform=Windows NT 10.0.17134 x86_64) (WARNING: The server did not provide any stacktrace information)
Command duration or timeout: 0 milliseconds
For documentation on this error, please visit: http://seleniumhq.org/exceptions/no_such_element.html
Build info: version: '3.13.0', revision: '2f0d292', time: '2018-06-25T15:24:21.231Z'
System info: host: 'DESKTOP-D7PUHMF', ip: '192.168.0.104', os.name: 'Windows 10', os.arch: 'amd64', os.version: '10.0', java.version: '1.8.0_162'
Driver info: org.openqa.selenium.chrome.ChromeDriver
Capabilities {acceptInsecureCerts: false, acceptSslCerts: false, applicationCacheEnabled: false, browserConnectionEnabled: false, browserName: chrome, chrome: {chromedriverVersion: 2.40.565498 (ea082db3280dd6..., userDataDir: C:\Users\deepa\AppData\Loca...}, cssSelectorsEnabled: true, databaseEnabled: false, handlesAlerts: true, hasTouchScreen: false, javascriptEnabled: true, locationContextEnabled: true, mobileEmulationEnabled: false, nativeEvents: true, networkConnectionEnabled: false, pageLoadStrategy: normal, platform: XP, platformName: XP, rotatable: false, setWindowRect: true, takesHeapSnapshot: true, takesScreenshot: true, unexpectedAlertBehaviour: , unhandledPromptBehavior: , version: 67.0.3396.99, webStorageEnabled: true}
Session ID: 6c927c1082c079b272be622df5a37574
*** Element info: {Using=xpath, value=//button[@data-test='submit-journey-search-button']}
Trying to find Element By : By.xpath: //button[@data-test='submit-journey-search-button']
Exception occured: org.openqa.selenium.NoSuchElementException: no such element: Unable to locate element: {"method":"xpath","selector":"//button[@data-test='submit-journey-search-button']"}
  (Session info: chrome=67.0.3396.99)
  (Driver info: chromedriver=2.40.565498 (ea082db3280dd6843ebfb08a625e3eb905c4f5ab),platform=Windows NT 10.0.17134 x86_64) (WARNING: The server did not provide any stacktrace information)
Command duration or timeout: 0 milliseconds
For documentation on this error, please visit: http://seleniumhq.org/exceptions/no_such_element.html
Build info: version: '3.13.0', revision: '2f0d292', time: '2018-06-25T15:24:21.231Z'
System info: host: 'DESKTOP-D7PUHMF', ip: '192.168.0.104', os.name: 'Windows 10', os.arch: 'amd64', os.version: '10.0', java.version: '1.8.0_162'
Driver info: org.openqa.selenium.chrome.ChromeDriver
Capabilities {acceptInsecureCerts: false, acceptSslCerts: false, applicationCacheEnabled: false, browserConnectionEnabled: false, browserName: chrome, chrome: {chromedriverVersion: 2.40.565498 (ea082db3280dd6..., userDataDir: C:\Users\deepa\AppData\Loca...}, cssSelectorsEnabled: true, databaseEnabled: false, handlesAlerts: true, hasTouchScreen: false, javascriptEnabled: true, locationContextEnabled: true, mobileEmulationEnabled: false, nativeEvents: true, networkConnectionEnabled: false, pageLoadStrategy: normal, platform: XP, platformName: XP, rotatable: false, setWindowRect: true, takesHeapSnapshot: true, takesScreenshot: true, unexpectedAlertBehaviour: , unhandledPromptBehavior: , version: 67.0.3396.99, webStorageEnabled: true}
Session ID: 6c927c1082c079b272be622df5a37574
*** Element info: {Using=xpath, value=//button[@data-test='submit-journey-search-button']}
Trying to find Element By : By.xpath: //button[@data-test='submit-journey-search-button']
Exception occured: org.openqa.selenium.NoSuchElementException: no such element: Unable to locate element: {"method":"xpath","selector":"//button[@data-test='submit-journey-search-button']"}
  (Session info: chrome=67.0.3396.99)
  (Driver info: chromedriver=2.40.565498 (ea082db3280dd6843ebfb08a625e3eb905c4f5ab),platform=Windows NT 10.0.17134 x86_64) (WARNING: The server did not provide any stacktrace information)
Command duration or timeout: 0 milliseconds
For documentation on this error, please visit: http://seleniumhq.org/exceptions/no_such_element.html
Build info: version: '3.13.0', revision: '2f0d292', time: '2018-06-25T15:24:21.231Z'
System info: host: 'DESKTOP-D7PUHMF', ip: '192.168.0.104', os.name: 'Windows 10', os.arch: 'amd64', os.version: '10.0', java.version: '1.8.0_162'
Driver info: org.openqa.selenium.chrome.ChromeDriver
Capabilities {acceptInsecureCerts: false, acceptSslCerts: false, applicationCacheEnabled: false, browserConnectionEnabled: false, browserName: chrome, chrome: {chromedriverVersion: 2.40.565498 (ea082db3280dd6..., userDataDir: C:\Users\deepa\AppData\Loca...}, cssSelectorsEnabled: true, databaseEnabled: false, handlesAlerts: true, hasTouchScreen: false, javascriptEnabled: true, locationContextEnabled: true, mobileEmulationEnabled: false, nativeEvents: true, networkConnectionEnabled: false, pageLoadStrategy: normal, platform: XP, platformName: XP, rotatable: false, setWindowRect: true, takesHeapSnapshot: true, takesScreenshot: true, unexpectedAlertBehaviour: , unhandledPromptBehavior: , version: 67.0.3396.99, webStorageEnabled: true}
Session ID: 6c927c1082c079b272be622df5a37574
*** Element info: {Using=xpath, value=//button[@data-test='submit-journey-search-button']}
Trying to find Element By : By.xpath: //button[@data-test='submit-journey-search-button']
Exception occured: org.openqa.selenium.NoSuchElementException: no such element: Unable to locate element: {"method":"xpath","selector":"//button[@data-test='submit-journey-search-button']"}
  (Session info: chrome=67.0.3396.99)
  (Driver info: chromedriver=2.40.565498 (ea082db3280dd6843ebfb08a625e3eb905c4f5ab),platform=Windows NT 10.0.17134 x86_64) (WARNING: The server did not provide any stacktrace information)
Command duration or timeout: 0 milliseconds
For documentation on this error, please visit: http://seleniumhq.org/exceptions/no_such_element.html
Build info: version: '3.13.0', revision: '2f0d292', time: '2018-06-25T15:24:21.231Z'
System info: host: 'DESKTOP-D7PUHMF', ip: '192.168.0.104', os.name: 'Windows 10', os.arch: 'amd64', os.version: '10.0', java.version: '1.8.0_162'
Driver info: org.openqa.selenium.chrome.ChromeDriver
Capabilities {acceptInsecureCerts: false, acceptSslCerts: false, applicationCacheEnabled: false, browserConnectionEnabled: false, browserName: chrome, chrome: {chromedriverVersion: 2.40.565498 (ea082db3280dd6..., userDataDir: C:\Users\deepa\AppData\Loca...}, cssSelectorsEnabled: true, databaseEnabled: false, handlesAlerts: true, hasTouchScreen: false, javascriptEnabled: true, locationContextEnabled: true, mobileEmulationEnabled: false, nativeEvents: true, networkConnectionEnabled: false, pageLoadStrategy: normal, platform: XP, platformName: XP, rotatable: false, setWindowRect: true, takesHeapSnapshot: true, takesScreenshot: true, unexpectedAlertBehaviour: , unhandledPromptBehavior: , version: 67.0.3396.99, webStorageEnabled: true}
Session ID: 6c927c1082c079b272be622df5a37574
*** Element info: {Using=xpath, value=//button[@data-test='submit-journey-search-button']}
Trying to find Element By : By.xpath: //button[@data-test='submit-journey-search-button']
Exception occured: org.openqa.selenium.NoSuchElementException: no such element: Unable to locate element: {"method":"xpath","selector":"//button[@data-test='submit-journey-search-button']"}
  (Session info: chrome=67.0.3396.99)
  (Driver info: chromedriver=2.40.565498 (ea082db3280dd6843ebfb08a625e3eb905c4f5ab),platform=Windows NT 10.0.17134 x86_64) (WARNING: The server did not provide any stacktrace information)
Command duration or timeout: 0 milliseconds
For documentation on this error, please visit: http://seleniumhq.org/exceptions/no_such_element.html
Build info: version: '3.13.0', revision: '2f0d292', time: '2018-06-25T15:24:21.231Z'
System info: host: 'DESKTOP-D7PUHMF', ip: '192.168.0.104', os.name: 'Windows 10', os.arch: 'amd64', os.version: '10.0', java.version: '1.8.0_162'
Driver info: org.openqa.selenium.chrome.ChromeDriver
Capabilities {acceptInsecureCerts: false, acceptSslCerts: false, applicationCacheEnabled: false, browserConnectionEnabled: false, browserName: chrome, chrome: {chromedriverVersion: 2.40.565498 (ea082db3280dd6..., userDataDir: C:\Users\deepa\AppData\Loca...}, cssSelectorsEnabled: true, databaseEnabled: false, handlesAlerts: true, hasTouchScreen: false, javascriptEnabled: true, locationContextEnabled: true, mobileEmulationEnabled: false, nativeEvents: true, networkConnectionEnabled: false, pageLoadStrategy: normal, platform: XP, platformName: XP, rotatable: false, setWindowRect: true, takesHeapSnapshot: true, takesScreenshot: true, unexpectedAlertBehaviour: , unhandledPromptBehavior: , version: 67.0.3396.99, webStorageEnabled: true}
Session ID: 6c927c1082c079b272be622df5a37574
*** Element info: {Using=xpath, value=//button[@data-test='submit-journey-search-button']}
Trying to find Element By : By.xpath: //button[@data-test='submit-journey-search-button']
Exception occured: org.openqa.selenium.NoSuchElementException: no such element: Unable to locate element: {"method":"xpath","selector":"//button[@data-test='submit-journey-search-button']"}
  (Session info: chrome=67.0.3396.99)
  (Driver info: chromedriver=2.40.565498 (ea082db3280dd6843ebfb08a625e3eb905c4f5ab),platform=Windows NT 10.0.17134 x86_64) (WARNING: The server did not provide any stacktrace information)
Command duration or timeout: 0 milliseconds
For documentation on this error, please visit: http://seleniumhq.org/exceptions/no_such_element.html
Build info: version: '3.13.0', revision: '2f0d292', time: '2018-06-25T15:24:21.231Z'
System info: host: 'DESKTOP-D7PUHMF', ip: '192.168.0.104', os.name: 'Windows 10', os.arch: 'amd64', os.version: '10.0', java.version: '1.8.0_162'
Driver info: org.openqa.selenium.chrome.ChromeDriver
Capabilities {acceptInsecureCerts: false, acceptSslCerts: false, applicationCacheEnabled: false, browserConnectionEnabled: false, browserName: chrome, chrome: {chromedriverVersion: 2.40.565498 (ea082db3280dd6..., userDataDir: C:\Users\deepa\AppData\Loca...}, cssSelectorsEnabled: true, databaseEnabled: false, handlesAlerts: true, hasTouchScreen: false, javascriptEnabled: true, locationContextEnabled: true, mobileEmulationEnabled: false, nativeEvents: true, networkConnectionEnabled: false, pageLoadStrategy: normal, platform: XP, platformName: XP, rotatable: false, setWindowRect: true, takesHeapSnapshot: true, takesScreenshot: true, unexpectedAlertBehaviour: , unhandledPromptBehavior: , version: 67.0.3396.99, webStorageEnabled: true}
Session ID: 6c927c1082c079b272be622df5a37574
*** Element info: {Using=xpath, value=//button[@data-test='submit-journey-search-button']}
Trying to find Element By : By.xpath: //button[@data-test='submit-journey-search-button']
Exception occured: org.openqa.selenium.NoSuchElementException: no such element: Unable to locate element: {"method":"xpath","selector":"//button[@data-test='submit-journey-search-button']"}
  (Session info: chrome=67.0.3396.99)
  (Driver info: chromedriver=2.40.565498 (ea082db3280dd6843ebfb08a625e3eb905c4f5ab),platform=Windows NT 10.0.17134 x86_64) (WARNING: The server did not provide any stacktrace information)
Command duration or timeout: 0 milliseconds
For documentation on this error, please visit: http://seleniumhq.org/exceptions/no_such_element.html
Build info: version: '3.13.0', revision: '2f0d292', time: '2018-06-25T15:24:21.231Z'
System info: host: 'DESKTOP-D7PUHMF', ip: '192.168.0.104', os.name: 'Windows 10', os.arch: 'amd64', os.version: '10.0', java.version: '1.8.0_162'
Driver info: org.openqa.selenium.chrome.ChromeDriver
Capabilities {acceptInsecureCerts: false, acceptSslCerts: false, applicationCacheEnabled: false, browserConnectionEnabled: false, browserName: chrome, chrome: {chromedriverVersion: 2.40.565498 (ea082db3280dd6..., userDataDir: C:\Users\deepa\AppData\Loca...}, cssSelectorsEnabled: true, databaseEnabled: false, handlesAlerts: true, hasTouchScreen: false, javascriptEnabled: true, locationContextEnabled: true, mobileEmulationEnabled: false, nativeEvents: true, networkConnectionEnabled: false, pageLoadStrategy: normal, platform: XP, platformName: XP, rotatable: false, setWindowRect: true, takesHeapSnapshot: true, takesScreenshot: true, unexpectedAlertBehaviour: , unhandledPromptBehavior: , version: 67.0.3396.99, webStorageEnabled: true}
Session ID: 6c927c1082c079b272be622df5a37574
*** Element info: {Using=xpath, value=//button[@data-test='submit-journey-search-button']}
Trying to find Element By : By.xpath: //button[@data-test='submit-journey-search-button']
Exception occured: org.openqa.selenium.NoSuchElementException: no such element: Unable to locate element: {"method":"xpath","selector":"//button[@data-test='submit-journey-search-button']"}
  (Session info: chrome=67.0.3396.99)
  (Driver info: chromedriver=2.40.565498 (ea082db3280dd6843ebfb08a625e3eb905c4f5ab),platform=Windows NT 10.0.17134 x86_64) (WARNING: The server did not provide any stacktrace information)
Command duration or timeout: 0 milliseconds
For documentation on this error, please visit: http://seleniumhq.org/exceptions/no_such_element.html
Build info: version: '3.13.0', revision: '2f0d292', time: '2018-06-25T15:24:21.231Z'
System info: host: 'DESKTOP-D7PUHMF', ip: '192.168.0.104', os.name: 'Windows 10', os.arch: 'amd64', os.version: '10.0', java.version: '1.8.0_162'
Driver info: org.openqa.selenium.chrome.ChromeDriver
Capabilities {acceptInsecureCerts: false, acceptSslCerts: false, applicationCacheEnabled: false, browserConnectionEnabled: false, browserName: chrome, chrome: {chromedriverVersion: 2.40.565498 (ea082db3280dd6..., userDataDir: C:\Users\deepa\AppData\Loca...}, cssSelectorsEnabled: true, databaseEnabled: false, handlesAlerts: true, hasTouchScreen: false, javascriptEnabled: true, locationContextEnabled: true, mobileEmulationEnabled: false, nativeEvents: true, networkConnectionEnabled: false, pageLoadStrategy: normal, platform: XP, platformName: XP, rotatable: false, setWindowRect: true, takesHeapSnapshot: true, takesScreenshot: true, unexpectedAlertBehaviour: , unhandledPromptBehavior: , version: 67.0.3396.99, webStorageEnabled: true}
Session ID: 6c927c1082c079b272be622df5a37574
*** Element info: {Using=xpath, value=//button[@data-test='submit-journey-search-button']}
Trying to find Element By : By.xpath: //button[@data-test='submit-journey-search-button']
Exception occured: org.openqa.selenium.NoSuchElementException: no such element: Unable to locate element: {"method":"xpath","selector":"//button[@data-test='submit-journey-search-button']"}
  (Session info: chrome=67.0.3396.99)
  (Driver info: chromedriver=2.40.565498 (ea082db3280dd6843ebfb08a625e3eb905c4f5ab),platform=Windows NT 10.0.17134 x86_64) (WARNING: The server did not provide any stacktrace information)
Command duration or timeout: 0 milliseconds
For documentation on this error, please visit: http://seleniumhq.org/exceptions/no_such_element.html
Build info: version: '3.13.0', revision: '2f0d292', time: '2018-06-25T15:24:21.231Z'
System info: host: 'DESKTOP-D7PUHMF', ip: '192.168.0.104', os.name: 'Windows 10', os.arch: 'amd64', os.version: '10.0', java.version: '1.8.0_162'
Driver info: org.openqa.selenium.chrome.ChromeDriver
Capabilities {acceptInsecureCerts: false, acceptSslCerts: false, applicationCacheEnabled: false, browserConnectionEnabled: false, browserName: chrome, chrome: {chromedriverVersion: 2.40.565498 (ea082db3280dd6..., userDataDir: C:\Users\deepa\AppData\Loca...}, cssSelectorsEnabled: true, databaseEnabled: false, handlesAlerts: true, hasTouchScreen: false, javascriptEnabled: true, locationContextEnabled: true, mobileEmulationEnabled: false, nativeEvents: true, networkConnectionEnabled: false, pageLoadStrategy: normal, platform: XP, platformName: XP, rotatable: false, setWindowRect: true, takesHeapSnapshot: true, takesScreenshot: true, unexpectedAlertBehaviour: , unhandledPromptBehavior: , version: 67.0.3396.99, webStorageEnabled: true}
Session ID: 6c927c1082c079b272be622df5a37574
*** Element info: {Using=xpath, value=//button[@data-test='submit-journey-search-button']}
Trying to find Element By : By.xpath: //button[@data-test='submit-journey-search-button']
Found Element By : By.xpath: //button[@data-test='submit-journey-search-button']
Trying to find Element By : By.xpath: //button[@data-test='submit-journey-search-button']
Found Element By : By.xpath: //button[@data-test='submit-journey-search-button']
Trying to find Element By : By.xpath: //button[@data-test='submit-journey-search-button']
Found Element By : By.xpath: //button[@data-test='submit-journey-search-button']
Trying to click on: [[ChromeDriver: chrome on XP (6c927c1082c079b272be622df5a37574)] -> xpath: //button[@data-test='submit-journey-search-button']]
Clicked on: [[ChromeDriver: chrome on XP (6c927c1082c079b272be622df5a37574)] -> xpath: //button[@data-test='submit-journey-search-button']]
Trying to find Element By : By.xpath: //button[@data-test='submit-journey-search-button']
Found Element By : By.xpath: //button[@data-test='submit-journey-search-button']
Trying to find Element By : By.xpath: descendant::input[@type='radio'][5]
Exception occured: org.openqa.selenium.NoSuchElementException: no such element: Unable to locate element: {"method":"xpath","selector":"descendant::input[@type='radio'][5]"}
  (Session info: chrome=67.0.3396.99)
  (Driver info: chromedriver=2.40.565498 (ea082db3280dd6843ebfb08a625e3eb905c4f5ab),platform=Windows NT 10.0.17134 x86_64) (WARNING: The server did not provide any stacktrace information)
Command duration or timeout: 0 milliseconds
For documentation on this error, please visit: http://seleniumhq.org/exceptions/no_such_element.html
Build info: version: '3.13.0', revision: '2f0d292', time: '2018-06-25T15:24:21.231Z'
System info: host: 'DESKTOP-D7PUHMF', ip: '192.168.0.104', os.name: 'Windows 10', os.arch: 'amd64', os.version: '10.0', java.version: '1.8.0_162'
Driver info: org.openqa.selenium.chrome.ChromeDriver
Capabilities {acceptInsecureCerts: false, acceptSslCerts: false, applicationCacheEnabled: false, browserConnectionEnabled: false, browserName: chrome, chrome: {chromedriverVersion: 2.40.565498 (ea082db3280dd6..., userDataDir: C:\Users\deepa\AppData\Loca...}, cssSelectorsEnabled: true, databaseEnabled: false, handlesAlerts: true, hasTouchScreen: false, javascriptEnabled: true, locationContextEnabled: true, mobileEmulationEnabled: false, nativeEvents: true, networkConnectionEnabled: false, pageLoadStrategy: normal, platform: XP, platformName: XP, rotatable: false, setWindowRect: true, takesHeapSnapshot: true, takesScreenshot: true, unexpectedAlertBehaviour: , unhandledPromptBehavior: , version: 67.0.3396.99, webStorageEnabled: true}
Session ID: 6c927c1082c079b272be622df5a37574
*** Element info: {Using=xpath, value=descendant::input[@type='radio'][5]}
Trying to find Element By : By.xpath: descendant::input[@type='radio'][5]
Exception occured: org.openqa.selenium.NoSuchElementException: no such element: Unable to locate element: {"method":"xpath","selector":"descendant::input[@type='radio'][5]"}
  (Session info: chrome=67.0.3396.99)
  (Driver info: chromedriver=2.40.565498 (ea082db3280dd6843ebfb08a625e3eb905c4f5ab),platform=Windows NT 10.0.17134 x86_64) (WARNING: The server did not provide any stacktrace information)
Command duration or timeout: 0 milliseconds
For documentation on this error, please visit: http://seleniumhq.org/exceptions/no_such_element.html
Build info: version: '3.13.0', revision: '2f0d292', time: '2018-06-25T15:24:21.231Z'
System info: host: 'DESKTOP-D7PUHMF', ip: '192.168.0.104', os.name: 'Windows 10', os.arch: 'amd64', os.version: '10.0', java.version: '1.8.0_162'
Driver info: org.openqa.selenium.chrome.ChromeDriver
Capabilities {acceptInsecureCerts: false, acceptSslCerts: false, applicationCacheEnabled: false, browserConnectionEnabled: false, browserName: chrome, chrome: {chromedriverVersion: 2.40.565498 (ea082db3280dd6..., userDataDir: C:\Users\deepa\AppData\Loca...}, cssSelectorsEnabled: true, databaseEnabled: false, handlesAlerts: true, hasTouchScreen: false, javascriptEnabled: true, locationContextEnabled: true, mobileEmulationEnabled: false, nativeEvents: true, networkConnectionEnabled: false, pageLoadStrategy: normal, platform: XP, platformName: XP, rotatable: false, setWindowRect: true, takesHeapSnapshot: true, takesScreenshot: true, unexpectedAlertBehaviour: , unhandledPromptBehavior: , version: 67.0.3396.99, webStorageEnabled: true}
Session ID: 6c927c1082c079b272be622df5a37574
*** Element info: {Using=xpath, value=descendant::input[@type='radio'][5]}
Trying to find Element By : By.xpath: descendant::input[@type='radio'][5]
Exception occured: org.openqa.selenium.NoSuchElementException: no such element: Unable to locate element: {"method":"xpath","selector":"descendant::input[@type='radio'][5]"}
  (Session info: chrome=67.0.3396.99)
  (Driver info: chromedriver=2.40.565498 (ea082db3280dd6843ebfb08a625e3eb905c4f5ab),platform=Windows NT 10.0.17134 x86_64) (WARNING: The server did not provide any stacktrace information)
Command duration or timeout: 0 milliseconds
For documentation on this error, please visit: http://seleniumhq.org/exceptions/no_such_element.html
Build info: version: '3.13.0', revision: '2f0d292', time: '2018-06-25T15:24:21.231Z'
System info: host: 'DESKTOP-D7PUHMF', ip: '192.168.0.104', os.name: 'Windows 10', os.arch: 'amd64', os.version: '10.0', java.version: '1.8.0_162'
Driver info: org.openqa.selenium.chrome.ChromeDriver
Capabilities {acceptInsecureCerts: false, acceptSslCerts: false, applicationCacheEnabled: false, browserConnectionEnabled: false, browserName: chrome, chrome: {chromedriverVersion: 2.40.565498 (ea082db3280dd6..., userDataDir: C:\Users\deepa\AppData\Loca...}, cssSelectorsEnabled: true, databaseEnabled: false, handlesAlerts: true, hasTouchScreen: false, javascriptEnabled: true, locationContextEnabled: true, mobileEmulationEnabled: false, nativeEvents: true, networkConnectionEnabled: false, pageLoadStrategy: normal, platform: XP, platformName: XP, rotatable: false, setWindowRect: true, takesHeapSnapshot: true, takesScreenshot: true, unexpectedAlertBehaviour: , unhandledPromptBehavior: , version: 67.0.3396.99, webStorageEnabled: true}
Session ID: 6c927c1082c079b272be622df5a37574
*** Element info: {Using=xpath, value=descendant::input[@type='radio'][5]}
Trying to find Element By : By.xpath: descendant::input[@type='radio'][5]
Exception occured: org.openqa.selenium.NoSuchElementException: no such element: Unable to locate element: {"method":"xpath","selector":"descendant::input[@type='radio'][5]"}
  (Session info: chrome=67.0.3396.99)
  (Driver info: chromedriver=2.40.565498 (ea082db3280dd6843ebfb08a625e3eb905c4f5ab),platform=Windows NT 10.0.17134 x86_64) (WARNING: The server did not provide any stacktrace information)
Command duration or timeout: 0 milliseconds
For documentation on this error, please visit: http://seleniumhq.org/exceptions/no_such_element.html
Build info: version: '3.13.0', revision: '2f0d292', time: '2018-06-25T15:24:21.231Z'
System info: host: 'DESKTOP-D7PUHMF', ip: '192.168.0.104', os.name: 'Windows 10', os.arch: 'amd64', os.version: '10.0', java.version: '1.8.0_162'
Driver info: org.openqa.selenium.chrome.ChromeDriver
Capabilities {acceptInsecureCerts: false, acceptSslCerts: false, applicationCacheEnabled: false, browserConnectionEnabled: false, browserName: chrome, chrome: {chromedriverVersion: 2.40.565498 (ea082db3280dd6..., userDataDir: C:\Users\deepa\AppData\Loca...}, cssSelectorsEnabled: true, databaseEnabled: false, handlesAlerts: true, hasTouchScreen: false, javascriptEnabled: true, locationContextEnabled: true, mobileEmulationEnabled: false, nativeEvents: true, networkConnectionEnabled: false, pageLoadStrategy: normal, platform: XP, platformName: XP, rotatable: false, setWindowRect: true, takesHeapSnapshot: true, takesScreenshot: true, unexpectedAlertBehaviour: , unhandledPromptBehavior: , version: 67.0.3396.99, webStorageEnabled: true}
Session ID: 6c927c1082c079b272be622df5a37574
*** Element info: {Using=xpath, value=descendant::input[@type='radio'][5]}
Trying to find Element By : By.xpath: descendant::input[@type='radio'][5]
Found Element By : By.xpath: descendant::input[@type='radio'][5]
Trying to find Element By : By.xpath: descendant::input[@type='radio'][5]
Found Element By : By.xpath: descendant::input[@type='radio'][5]
Trying to find Element By : By.xpath: descendant::input[@type='radio'][5]
Found Element By : By.xpath: descendant::input[@type='radio'][5]
Trying to click on: [[ChromeDriver: chrome on XP (6c927c1082c079b272be622df5a37574)] -> xpath: descendant::input[@type='radio'][5]]
Clicked on: [[ChromeDriver: chrome on XP (6c927c1082c079b272be622df5a37574)] -> xpath: descendant::input[@type='radio'][5]]
Trying to find Element By : By.xpath: descendant::input[@type='radio'][5]
Found Element By : By.xpath: descendant::input[@type='radio'][5]
Trying to find Element By : By.xpath: descendant::input[@type='radio'][5]
Found Element By : By.xpath: descendant::input[@type='radio'][5]
Trying to click on: [[ChromeDriver: chrome on XP (6c927c1082c079b272be622df5a37574)] -> xpath: descendant::input[@type='radio'][5]]
Clicked on: [[ChromeDriver: chrome on XP (6c927c1082c079b272be622df5a37574)] -> xpath: descendant::input[@type='radio'][5]]
Trying to find Element By : By.xpath: descendant::input[@type='radio'][5]/parent::div/following-sibling::span/span
Found Element By : By.xpath: descendant::input[@type='radio'][5]/parent::div/following-sibling::span/span
Trying to find Element By : By.xpath: //button[@data-test='cjs-button-quick-buy']
Found Element By : By.xpath: //button[@data-test='cjs-button-quick-buy']
Trying to find Element By : By.xpath: //button[@data-test='cjs-button-quick-buy']
Found Element By : By.xpath: //button[@data-test='cjs-button-quick-buy']
Trying to click on: [[ChromeDriver: chrome on XP (6c927c1082c079b272be622df5a37574)] -> xpath: //button[@data-test='cjs-button-quick-buy']]
Clicked on: [[ChromeDriver: chrome on XP (6c927c1082c079b272be622df5a37574)] -> xpath: //button[@data-test='cjs-button-quick-buy']]
Trying to find Element By : By.id: email
Found Element By : By.id: email
Value of the:[[ChromeDriver: chrome on XP (6c927c1082c079b272be622df5a37574)] -> id: email] before any changes made
Element value changed to: [[ChromeDriver: chrome on XP (6c927c1082c079b272be622df5a37574)] -> id: email]
Trying to find Element By : By.id: password
Found Element By : By.id: password
Value of the:[[ChromeDriver: chrome on XP (6c927c1082c079b272be622df5a37574)] -> id: password] before any changes made
Element value changed to: [[ChromeDriver: chrome on XP (6c927c1082c079b272be622df5a37574)] -> id: password]
Trying to find Element By : By.xpath: //button[@data-test='login-submit-button']
Found Element By : By.xpath: //button[@data-test='login-submit-button']
Trying to click on: [[ChromeDriver: chrome on XP (6c927c1082c079b272be622df5a37574)] -> xpath: //button[@data-test='login-submit-button']]
Clicked on: [[ChromeDriver: chrome on XP (6c927c1082c079b272be622df5a37574)] -> xpath: //button[@data-test='login-submit-button']]
Trying to find Element By : By.xpath: //span[@data-test='trip-card-total']
Found Element By : By.xpath: //span[@data-test='trip-card-total']
Trying to find Element By : By.xpath: //span[@data-test='trip-card-total']
Found Element By : By.xpath: //span[@data-test='trip-card-total']
Trying to find Element By : By.xpath: //span[@data-test='trip-card-total']
Found Element By : By.xpath: //span[@data-test='trip-card-total']
Trying to find Element By : By.xpath: //span[@data-test='trip-card-total']
Found Element By : By.xpath: //span[@data-test='trip-card-total']
Trying to find Element By : By.xpath: //span[@data-test='trip-card-total']
Found Element By : By.xpath: //span[@data-test='trip-card-total']
Trying to find Element By : By.xpath: //span[@data-test='trip-card-total']
Found Element By : By.xpath: //span[@data-test='trip-card-total']
Trying to find Element By : By.xpath: //span[@data-test='trip-card-total']
Found Element By : By.xpath: //span[@data-test='trip-card-total']
Trying to find Element By : By.xpath: //span[@data-test='trip-card-total']
Found Element By : By.xpath: //span[@data-test='trip-card-total']
Trying to find Element By : By.xpath: //span[@data-test='trip-card-total']
Found Element By : By.xpath: //span[@data-test='trip-card-total']
Trying to find Element By : By.xpath: //span[@data-test='trip-card-total']/span
Found Element By : By.xpath: //span[@data-test='trip-card-total']/span
]]></system-out>
    <system-err><![CDATA[Starting ChromeDriver 2.40.565498 (ea082db3280dd6843ebfb08a625e3eb905c4f5ab) on port 6023
Only local connections are allowed.
Jul 29, 2018 5:03:17 PM org.openqa.selenium.remote.ProtocolHandshake createSession
INFO: Detected dialect: OSS
]]></system-err>
  </testcase>
</testsuite>