-------------------------------------------------------------------------------
Test set: TestSuite
-------------------------------------------------------------------------------
Tests run: 1, Failures: 1, Errors: 0, Skipped: 0, Time elapsed: 51.877 s <<< FAILURE! - in TestSuite
verifyTicketFare(com.qa.tests.TicketFareTest)  Time elapsed: 37.996 s  <<< FAILURE!
java.lang.AssertionError: Fares do not match expected [$206.44] but found [$118.22]
	at com.qa.tests.TicketFareTest.verifyTicketFare(TicketFareTest.java:53)

