<?xml version="1.0" encoding="UTF-8"?>
<testng-results skipped="0" failed="0" ignored="0" total="1" passed="1">
  <reporter-output>
  </reporter-output>
  <suite name="Default suite" duration-ms="66521" started-at="2018-10-05T04:19:50Z" finished-at="2018-10-05T04:20:57Z">
    <groups>
    </groups>
    <test name="Default test" duration-ms="66521" started-at="2018-10-05T04:19:50Z" finished-at="2018-10-05T04:20:57Z">
      <class name="com.qa.tests.TicketFareTest">
        <test-method status="PASS" signature="setUp()[pri:0, instance:com.qa.tests.TicketFareTest@598067a5]" name="setUp" is-config="true" duration-ms="26602" started-at="2018-10-05T04:19:51Z" finished-at="2018-10-05T04:20:17Z">
          <reporter-output>
          </reporter-output>
        </test-method> <!-- setUp -->
        <test-method status="PASS" signature="verifyTicketFare(java.lang.String, java.lang.String)[pri:0, instance:com.qa.tests.TicketFareTest@598067a5]" name="verifyTicketFare" duration-ms="38409" started-at="2018-10-05T04:20:17Z" data-provider="getData" finished-at="2018-10-05T04:20:56Z">
          <params>
            <param index="0">
              <value>
                <![CDATA[Row House No 5]]>
              </value>
            </param>
            <param index="1">
              <value>
                <![CDATA[Gajanana Society]]>
              </value>
            </param>
          </params>
          <reporter-output>
          </reporter-output>
        </test-method> <!-- verifyTicketFare -->
        <test-method status="PASS" signature="tearDown()[pri:0, instance:com.qa.tests.TicketFareTest@598067a5]" name="tearDown" is-config="true" duration-ms="748" started-at="2018-10-05T04:20:56Z" finished-at="2018-10-05T04:20:57Z">
          <reporter-output>
          </reporter-output>
        </test-method> <!-- tearDown -->
      </class> <!-- com.qa.tests.TicketFareTest -->
    </test> <!-- Default test -->
  </suite> <!-- Default suite -->
</testng-results>
